<?xml version="1.0" encoding="UTF-8"?>
<!-- Generated by org.testng.reporters.JUnitReportReporter -->
<testsuite hostname="LAPTOP-OOJD2GM0" failures="0" tests="4" name="api.test.userTests" time="10.514" errors="0" timestamp="03 Aug 2023 08:06:31 GMT" skipped="0">
  <testcase classname="api.test.userTests" name="testPostUser" time="5.832"/>
  <testcase classname="api.test.userTests" name="testGetserByName" time="1.724"/>
  <testcase classname="api.test.userTests" name="testupdateUser" time="1.474"/>
  <testcase classname="api.test.userTests" name="testDeleteUser" time="1.484"/>
</testsuite> <!-- api.test.userTests -->
