<?xml version="1.0" encoding="UTF-8"?>
<!-- Generated by org.testng.reporters.JUnitReportReporter -->
<testsuite hostname="LAPTOP-OOJD2GM0" failures="0" tests="5" name="api.test.DDtests" time="22.290" errors="0" timestamp="26 Jul 2023 11:29:47 GMT" skipped="0">
  <testcase classname="api.test.DDtests" name="testPostUser" time="5.629"/>
  <testcase classname="api.test.DDtests" name="testPostUser" time="4.044"/>
  <testcase classname="api.test.DDtests" name="testPostUser" time="3.061"/>
  <testcase classname="api.test.DDtests" name="testPostUser" time="5.029"/>
  <testcase classname="api.test.DDtests" name="testPostUser" time="4.527"/>
</testsuite> <!-- api.test.DDtests -->
