<?xml version="1.0" encoding="UTF-8"?>
<!-- Generated by org.testng.reporters.JUnitReportReporter -->
<testsuite hostname="LAPTOP-OOJD2GM0" failures="0" tests="4" name="api.test.userTests" time="8.293" errors="0" timestamp="26 Jul 2023 17:18:27 GMT" skipped="0">
  <testcase classname="api.test.userTests" name="testPostUser" time="4.771"/>
  <testcase classname="api.test.userTests" name="testGetserByName" time="1.199"/>
  <testcase classname="api.test.userTests" name="testupdateUser" time="1.199"/>
  <testcase classname="api.test.userTests" name="testDeleteUser" time="1.124"/>
</testsuite> <!-- api.test.userTests -->
