<?xml version="1.0" encoding="UTF-8"?>
<!-- Generated by org.testng.reporters.JUnitReportReporter -->
<testsuite hostname="LAPTOP-OOJD2GM0" failures="0" tests="5" name="api.test.DDtests" time="9.307" errors="0" timestamp="02 Aug 2023 05:13:55 GMT" skipped="0">
  <testcase classname="api.test.DDtests" name="testPostUser" time="1.201"/>
  <testcase classname="api.test.DDtests" name="testPostUser" time="4.313"/>
  <testcase classname="api.test.DDtests" name="testPostUser" time="1.179"/>
  <testcase classname="api.test.DDtests" name="testPostUser" time="1.425"/>
  <testcase classname="api.test.DDtests" name="testPostUser" time="1.189"/>
</testsuite> <!-- api.test.DDtests -->
